{
  "Cucumber Features": {
    "coverage": {
      "/Users/subsid/Google Drive/tamu-courses/5-csce-606-software-engineering/rottenpotatoes-rails-intro/app/models/movie.rb": [
        1,
        1,
        7,
        null,
        null,
        1,
        2,
        2,
        1,
        null,
        null
      ],
      "/Users/subsid/Google Drive/tamu-courses/5-csce-606-software-engineering/rottenpotatoes-rails-intro/app/controllers/movies_controller.rb": [
        1,
        null,
        1,
        1,
        null,
        null,
        1,
        4,
        4,
        null,
        null,
        null,
        1,
        7,
        27,
        null,
        null,
        7,
        7,
        null,
        7,
        0,
        0,
        null,
        null,
        7,
        2,
        2,
        null,
        null,
        7,
        2,
        2,
        2,
        2,
        2,
        null,
        null,
        7,
        7,
        null,
        7,
        7,
        7,
        7,
        null,
        null,
        1,
        null,
        null,
        null,
        1,
        0,
        0,
        0,
        null,
        null,
        1,
        1,
        null,
        null,
        1,
        1,
        1,
        1,
        1,
        null,
        null,
        1,
        0,
        0,
        0,
        0,
        null,
        null,
        1,
        2,
        2,
        1,
        null,
        2,
        null,
        null
      ],
      "/Users/subsid/Google Drive/tamu-courses/5-csce-606-software-engineering/rottenpotatoes-rails-intro/app/controllers/application_controller.rb": [
        1,
        null,
        null,
        1,
        null
      ],
      "/Users/subsid/Google Drive/tamu-courses/5-csce-606-software-engineering/rottenpotatoes-rails-intro/app/helpers/application_helper.rb": [
        1,
        null
      ],
      "/Users/subsid/Google Drive/tamu-courses/5-csce-606-software-engineering/rottenpotatoes-rails-intro/app/helpers/movies_helper.rb": [
        1,
        null,
        1,
        0,
        null,
        null
      ]
    },
    "timestamp": 1538839549
  },
  "RSpec": {
    "coverage": {
      "/Users/subsid/Google Drive/tamu-courses/5-csce-606-software-engineering/rottenpotatoes-rails-intro/app/helpers/application_helper.rb": [
        1,
        null
      ],
      "/Users/subsid/Google Drive/tamu-courses/5-csce-606-software-engineering/rottenpotatoes-rails-intro/app/helpers/movies_helper.rb": [
        1,
        null,
        1,
        0,
        null,
        null
      ],
      "/Users/subsid/Google Drive/tamu-courses/5-csce-606-software-engineering/rottenpotatoes-rails-intro/app/controllers/movies_controller.rb": [
        1,
        null,
        1,
        0,
        null,
        null,
        1,
        0,
        0,
        null,
        null,
        null,
        1,
        0,
        0,
        null,
        null,
        0,
        0,
        null,
        0,
        0,
        0,
        null,
        null,
        0,
        0,
        0,
        null,
        null,
        0,
        0,
        0,
        0,
        0,
        0,
        null,
        null,
        0,
        0,
        null,
        0,
        0,
        0,
        0,
        null,
        null,
        1,
        null,
        null,
        null,
        1,
        0,
        0,
        0,
        null,
        null,
        1,
        0,
        null,
        null,
        1,
        0,
        0,
        0,
        0,
        null,
        null,
        1,
        0,
        0,
        0,
        0,
        null,
        null,
        1,
        3,
        3,
        2,
        null,
        3,
        null,
        null
      ],
      "/Users/subsid/Google Drive/tamu-courses/5-csce-606-software-engineering/rottenpotatoes-rails-intro/app/controllers/application_controller.rb": [
        1,
        null,
        null,
        1,
        null
      ],
      "/Users/subsid/Google Drive/tamu-courses/5-csce-606-software-engineering/rottenpotatoes-rails-intro/app/models/movie.rb": [
        1,
        1,
        0,
        null,
        null,
        1,
        0,
        0,
        0,
        null,
        null
      ]
    },
    "timestamp": 1538839543
  }
}
